<?xml version="1.0" encoding="UTF-8"?>
<!-- Generated by org.testng.reporters.JUnitReportReporter -->
<testsuite skipped="0" hostname="DESKTOP-CJ8B9OO" name="TestCases.VerifyLMSApplication" tests="9" failures="0" timestamp="2020-07-08T23:43:51 IST" time="95.962" errors="0">
  <testcase name="verifyAllCourses" time="10.036" classname="TestCases.VerifyLMSApplication"/>
  <system-out>
Total no of courses on the Page - 3  </system-out>
  <testcase name="verifyContactUs" time="11.407" classname="TestCases.VerifyLMSApplication"/>
  <system-out>
Message displayed after submission - Thanks for contacting us! We will be in touch with you shortly.  </system-out>
  <testcase name="clickOnMyAccount" time="9.801" classname="TestCases.VerifyLMSApplication"/>
  <system-out/>
  <testcase name="verifyTextOfFirstInfoBox" time="8.757" classname="TestCases.VerifyLMSApplication"/>
  <system-out/>
  <testcase name="verifyWebSiteHeader" time="9.855" classname="TestCases.VerifyLMSApplication"/>
  <system-out/>
  <testcase name="completeSimpleLesson" time="16.025" classname="TestCases.VerifyLMSApplication"/>
  <system-out>
Mark Complete not found skipping  </system-out>
  <testcase name="loginToApplication" time="12.819" classname="TestCases.VerifyLMSApplication"/>
  <system-out/>
  <testcase name="verifyTextOfSecondInfoBox" time="8.535" classname="TestCases.VerifyLMSApplication"/>
  <system-out/>
  <testcase name="verifyWebSiteTitle" time="8.727" classname="TestCases.VerifyLMSApplication"/>
  <system-out/>
</testsuite> <!-- TestCases.VerifyLMSApplication -->
